2023-11-12 22:39:27,123 [INFO] in scala-execution-context-global-33 - [[34mINFO [0;39m] c.jpro.activity - Starting the server
2023-11-12 22:39:27,123 [INFO] in scala-execution-context-global-33 - [[34mINFO [0;39m] c.j.i.s.JProInitializer$ -  *** Starting JPro: https://www.jpro.one/ ***
2023-11-12 22:39:27,123 [INFO] in scala-execution-context-global-33 - [[34mINFO [0;39m] c.j.i.s.JProInitializer$ - OS: Windows 11
2023-11-12 22:39:27,137 [INFO] in scala-execution-context-global-34 - [[34mINFO [0;39m] c.j.i.s.JProInitializer$ - JPro: 9999.9.9
2023-11-12 22:39:27,137 [INFO] in scala-execution-context-global-34 - [[34mINFO [0;39m] c.j.i.s.JProInitializer$ - Java version: 17.0.5
2023-11-12 22:39:27,140 [INFO] in scala-execution-context-global-34 - [[34mINFO [0;39m] c.j.i.s.JProInitializer$ - JVM: 17.0.5 Oracle Corporation
2023-11-12 22:39:27,140 [INFO] in scala-execution-context-global-34 - [[34mINFO [0;39m] c.j.i.s.JProInitializer$ - JavaFX jar: file:/C:/Users/Admin/.m2/repository/org/openjfx/javafx-graphics/21.0.2.3-jpro+0/javafx-graphics-21.0.2.3-jpro+0-win.jar
2023-11-12 22:39:27,141 [INFO] in scala-execution-context-global-34 - [[34mINFO [0;39m] c.j.i.s.JProInitializer$ - Configuring logging from url: 'jar:file:/C:/Users/Admin/.m2/repository/com/sandec/jpro/jpro-server_2.12/9999.9.9/jpro-server_2.12-9999.9.9.jar!/logback-jpro-default.xml'
2023-11-12 22:39:27,396 [INFO] in scala-execution-context-global-34 - [[34mINFO [0;39m] c.j.i.s.JProInitializer$ - JavaFX version: 21.0.2.3-jpro+0-2023-09-27T13-12-33Z
2023-11-12 22:39:27,434 [INFO] in scala-execution-context-global-33 - G1 Young Generation
2023-11-12 22:39:27,434 [INFO] in scala-execution-context-global-33 - G1 Old Generation
2023-11-12 22:39:27,461 [INFO] in scala-execution-context-global-48 - [[34mINFO [0;39m] c.j.i.s.JProInitializer$ - finished init!
2023-11-12 22:39:27,464 [INFO] in scala-execution-context-global-30 - [[34mINFO [0;39m] c.j.i.s.JProInitializer$ - [JPro] -> Server started: {start_time: 1699803567118, os_name: Windows 11, jpro_version: 9999.9.9}
2023-11-12 22:39:27,841 [INFO] in scala-execution-context-global-30 - [[34mINFO [0;39m] a.e.s.Slf4jLogger - Slf4jLogger started
2023-11-12 22:39:28,237 [INFO] in scala-execution-context-global-30 - [[34mINFO [0;39m] play.api.Play - Application started (Prod) (no global state)
2023-11-12 22:39:28,575 [INFO] in scala-execution-context-global-34 - [[34mINFO [0;39m] p.c.s.AkkaHttpServer - Enabling HTTP/2 on Akka HTTP server...
2023-11-12 22:39:28,575 [INFO] in scala-execution-context-global-34 - [[34mINFO [0;39m] p.c.s.AkkaHttpServer - Listening for HTTP on /[0:0:0:0:0:0:0:0]:8080
2023-11-12 22:39:29,412 [INFO] in scala-execution-context-global-34 - [[34mINFO [0;39m] c.jpro - application requested: default
2023-11-12 22:39:29,423 [INFO] in scala-execution-context-global-34 - [[34mINFO [0;39m] c.jpro - Creating Application: default
2023-11-12 22:39:29,425 [INFO] in scala-execution-context-global-34 - [[34mINFO [0;39m] c.jpro - remoteAddress 0:0:0:0:0:0:0:1
2023-11-12 22:39:29,427 [INFO] in scala-execution-context-global-34 - [[34mINFO [0;39m] c.jpro - host          localhost:8080
2023-11-12 22:39:29,427 [INFO] in scala-execution-context-global-34 - [[34mINFO [0;39m] c.jpro - uri           /app/ws/default
2023-11-12 22:39:29,640 [INFO] in scala-execution-context-global-30 - [[34mINFO [0;39m] c.j.i.s.ViewInfo$ - [JPro] -> View created: {app_name: default, host_name: localhost:8080, instance_id: 1133342333, browser: Microsoft Edge 119.0.0.0, browser_url: http://localhost:8080/, client_ip: 0:0:0:0:0:0:0:1}
2023-11-12 22:39:29,941 [INFO] in scala-execution-context-global-30 - do it!
2023-11-12 22:39:30,209 [INFO] in scala-execution-context-global-30 - media is null
2023-11-12 22:39:30,403 [INFO] in scala-execution-context-global-30 - Found!
2023-11-12 22:39:30,812 [INFO] in scala-execution-context-global-30 - Title:Investor Infrastructure Representative
2023-11-12 22:39:30,812 [INFO] in scala-execution-context-global-30 - Title:Dynamic Implementation Liaison
2023-11-12 22:39:30,812 [INFO] in scala-execution-context-global-30 - Title:Internal Metrics Planner
2023-11-12 22:39:30,812 [INFO] in scala-execution-context-global-30 - Title:Senior Interactions Developer
2023-11-12 22:39:30,812 [INFO] in scala-execution-context-global-30 - Title:Direct Interactions Administrator
2023-11-12 22:39:30,865 [INFO] in scala-execution-context-global-30 - Do it!
2023-11-12 22:39:32,636 [INFO] in scala-execution-context-global-30 - [[34mINFO [0;39m] c.j.i.c.InstanceImpl - [JPro] -> Instance created: {app_name: default, host_name: localhost:8080, instance_id: 1133342333, browser: Microsoft Edge 119.0.0.0, browser_url: http://localhost:8080/, client_ip: 0:0:0:0:0:0:0:1}
2023-11-12 22:39:33,057 [INFO] in scala-execution-context-global-30 - [[34mINFO [0;39m] c.j.m.s.Util$ - workaround for image, lossless: true filetype: png img: javafx.scene.image.Image@569bda8a
2023-11-12 22:39:33,145 [INFO] in scala-execution-context-global-30 - [[34mINFO [0;39m] c.j.m.s.Util$ - workaround for image, lossless: true filetype: png img: javafx.scene.image.Image@25f4c627
2023-11-12 22:39:33,181 [INFO] in scala-execution-context-global-30 - [[34mINFO [0;39m] c.j.m.s.Util$ - workaround for image, lossless: true filetype: png img: javafx.scene.image.Image@7064367a
2023-11-12 22:39:33,234 [INFO] in scala-execution-context-global-30 - [[34mINFO [0;39m] c.j.m.s.Util$ - workaround for image, lossless: true filetype: png img: javafx.scene.image.Image@75e7559e
2023-11-12 22:39:33,280 [INFO] in scala-execution-context-global-30 - [[34mINFO [0;39m] c.j.m.s.Util$ - workaround for image, lossless: true filetype: png img: javafx.scene.image.Image@455e493
2023-11-12 22:39:33,331 [INFO] in scala-execution-context-global-30 - [[34mINFO [0;39m] c.j.m.s.Util$ - workaround for image, lossless: true filetype: png img: javafx.scene.image.Image@7fec9df6
2023-11-12 22:39:33,353 [INFO] in scala-execution-context-global-30 - [[34mINFO [0;39m] c.j.m.s.Util$ - workaround for image, lossless: true filetype: png img: javafx.scene.image.Image@4e3c212d
2023-11-12 22:39:33,380 [INFO] in scala-execution-context-global-30 - [[34mINFO [0;39m] c.j.m.s.Util$ - workaround for image, lossless: true filetype: png img: javafx.scene.image.Image@73b83d71
2023-11-12 22:39:33,411 [INFO] in scala-execution-context-global-30 - [[34mINFO [0;39m] c.j.m.s.Util$ - workaround for image, lossless: true filetype: png img: javafx.scene.image.Image@2f735c88
2023-11-12 22:39:33,435 [INFO] in scala-execution-context-global-30 - [[34mINFO [0;39m] c.j.m.s.Util$ - workaround for image, lossless: true filetype: png img: javafx.scene.image.Image@518c92dc
2023-11-12 22:39:33,459 [INFO] in scala-execution-context-global-30 - [[34mINFO [0;39m] c.j.m.s.Util$ - workaround for image, lossless: true filetype: png img: javafx.scene.image.Image@45a9cf89
2023-11-12 22:39:33,497 [INFO] in scala-execution-context-global-30 - [[34mINFO [0;39m] c.j.m.s.Util$ - workaround for image, lossless: true filetype: png img: javafx.scene.image.Image@54f1e91c
2023-11-12 22:39:33,518 [INFO] in scala-execution-context-global-30 - [[34mINFO [0;39m] c.j.m.s.Util$ - workaround for image, lossless: true filetype: png img: javafx.scene.image.Image@7af21fe4
2023-11-12 22:39:33,599 [INFO] in scala-execution-context-global-30 - [[34mINFO [0;39m] c.j.m.s.Util$ - workaround for image, lossless: true filetype: png img: javafx.scene.image.Image@4dfefce
2023-11-12 22:39:33,639 [INFO] in scala-execution-context-global-30 - [[34mINFO [0;39m] c.j.m.s.Util$ - workaround for image, lossless: true filetype: png img: javafx.scene.image.Image@3f6911ee
2023-11-12 22:39:33,671 [INFO] in scala-execution-context-global-30 - [[34mINFO [0;39m] c.j.m.s.Util$ - workaround for image, lossless: true filetype: png img: javafx.scene.image.Image@47e47463
2023-11-12 22:39:33,697 [INFO] in scala-execution-context-global-30 - [[34mINFO [0;39m] c.j.m.s.Util$ - workaround for image, lossless: true filetype: png img: javafx.scene.image.Image@554760fa
2023-11-12 22:39:33,721 [INFO] in scala-execution-context-global-30 - [[34mINFO [0;39m] c.j.m.s.Util$ - workaround for image, lossless: true filetype: png img: javafx.scene.image.Image@7035640b
2023-11-12 22:39:33,744 [INFO] in scala-execution-context-global-30 - [[34mINFO [0;39m] c.j.m.s.Util$ - workaround for image, lossless: true filetype: png img: javafx.scene.image.Image@1c24b005
2023-11-12 22:39:33,768 [INFO] in scala-execution-context-global-30 - [[34mINFO [0;39m] c.j.m.s.Util$ - workaround for image, lossless: true filetype: png img: javafx.scene.image.Image@4d9485f6
2023-11-12 22:39:33,790 [INFO] in scala-execution-context-global-30 - [[34mINFO [0;39m] c.j.m.s.Util$ - workaround for image, lossless: true filetype: png img: javafx.scene.image.Image@21da8c53
2023-11-12 22:39:33,809 [INFO] in scala-execution-context-global-30 - [[34mINFO [0;39m] c.j.m.s.Util$ - workaround for image, lossless: true filetype: png img: javafx.scene.image.Image@7308a927
2023-11-12 22:39:33,835 [INFO] in scala-execution-context-global-30 - [[34mINFO [0;39m] c.j.m.s.Util$ - workaround for image, lossless: true filetype: png img: javafx.scene.image.Image@46396b25
2023-11-12 22:39:33,861 [INFO] in scala-execution-context-global-30 - [[34mINFO [0;39m] c.j.m.s.Util$ - workaround for image, lossless: true filetype: png img: javafx.scene.image.Image@98686a1
2023-11-12 22:39:33,877 [INFO] in scala-execution-context-global-30 - [[34mINFO [0;39m] c.j.m.s.Util$ - workaround for image, lossless: true filetype: png img: javafx.scene.image.Image@1fc5740f
2023-11-12 22:39:33,911 [INFO] in scala-execution-context-global-30 - [[34mINFO [0;39m] c.j.m.s.Util$ - workaround for image, lossless: true filetype: png img: javafx.scene.image.Image@6bb838c
2023-11-12 22:39:33,931 [INFO] in scala-execution-context-global-30 - [[34mINFO [0;39m] c.j.m.s.Util$ - workaround for image, lossless: true filetype: png img: javafx.scene.image.Image@4b4eaba5
2023-11-12 22:39:33,959 [INFO] in scala-execution-context-global-30 - [[34mINFO [0;39m] c.j.m.s.Util$ - workaround for image, lossless: true filetype: png img: javafx.scene.image.Image@3957e83b
2023-11-12 22:39:33,982 [INFO] in scala-execution-context-global-30 - [[34mINFO [0;39m] c.j.m.s.Util$ - workaround for image, lossless: true filetype: png img: javafx.scene.image.Image@428de2be
2023-11-12 22:39:34,004 [INFO] in scala-execution-context-global-30 - [[34mINFO [0;39m] c.j.m.s.Util$ - workaround for image, lossless: true filetype: png img: javafx.scene.image.Image@2faa215b
2023-11-12 22:39:34,024 [INFO] in scala-execution-context-global-30 - [[34mINFO [0;39m] c.j.m.s.Util$ - workaround for image, lossless: true filetype: png img: javafx.scene.image.Image@21e7e19
2023-11-12 22:39:34,055 [INFO] in scala-execution-context-global-30 - [[34mINFO [0;39m] c.j.m.s.Util$ - workaround for image, lossless: true filetype: png img: javafx.scene.image.Image@eac5252
2023-11-12 22:39:34,081 [INFO] in scala-execution-context-global-30 - [[34mINFO [0;39m] c.j.m.s.Util$ - workaround for image, lossless: true filetype: png img: javafx.scene.image.Image@3aa6afcd
2023-11-12 22:39:34,112 [INFO] in scala-execution-context-global-30 - [[34mINFO [0;39m] c.j.m.s.Util$ - workaround for image, lossless: true filetype: png img: javafx.scene.image.Image@5dd2f856
2023-11-12 22:39:34,129 [INFO] in scala-execution-context-global-30 - [[34mINFO [0;39m] c.j.m.s.Util$ - workaround for image, lossless: true filetype: png img: javafx.scene.image.Image@82a0373
2023-11-12 22:39:34,166 [INFO] in scala-execution-context-global-30 - [[34mINFO [0;39m] c.j.m.s.Util$ - workaround for image, lossless: true filetype: png img: javafx.scene.image.Image@2735bbd3
2023-11-12 22:39:34,198 [INFO] in scala-execution-context-global-30 - [[34mINFO [0;39m] c.j.m.s.Util$ - workaround for image, lossless: true filetype: png img: javafx.scene.image.Image@4fb66930
2023-11-12 22:39:34,230 [INFO] in scala-execution-context-global-30 - [[34mINFO [0;39m] c.j.m.s.Util$ - workaround for image, lossless: true filetype: png img: javafx.scene.image.Image@45e6591b
2023-11-12 22:39:34,249 [INFO] in scala-execution-context-global-30 - [[34mINFO [0;39m] c.j.m.s.Util$ - workaround for image, lossless: true filetype: png img: javafx.scene.image.Image@44e617ae
2023-11-12 22:39:34,272 [INFO] in scala-execution-context-global-30 - [[34mINFO [0;39m] c.j.m.s.Util$ - workaround for image, lossless: true filetype: png img: javafx.scene.image.Image@32049b46
2023-11-12 22:39:34,316 [INFO] in scala-execution-context-global-30 - [[34mINFO [0;39m] c.j.m.s.Util$ - workaround for image, lossless: true filetype: png img: javafx.scene.image.Image@9ff6cec
2023-11-12 22:39:34,358 [INFO] in scala-execution-context-global-30 - [[34mINFO [0;39m] c.j.m.s.Util$ - workaround for image, lossless: true filetype: png img: javafx.scene.image.Image@19868ba9
2023-11-12 22:39:34,384 [INFO] in scala-execution-context-global-30 - [[34mINFO [0;39m] c.j.m.s.Util$ - workaround for image, lossless: true filetype: png img: javafx.scene.image.Image@3df7d22c
2023-11-12 22:39:34,399 [INFO] in scala-execution-context-global-30 - [[34mINFO [0;39m] c.j.m.s.Util$ - workaround for image, lossless: true filetype: png img: javafx.scene.image.Image@2f819bc1
2023-11-12 22:39:34,420 [INFO] in scala-execution-context-global-30 - [[34mINFO [0;39m] c.j.m.s.Util$ - workaround for image, lossless: true filetype: png img: javafx.scene.image.Image@707ecbba
2023-11-12 22:39:34,442 [INFO] in scala-execution-context-global-30 - [[34mINFO [0;39m] c.j.m.s.Util$ - workaround for image, lossless: true filetype: png img: javafx.scene.image.Image@250596f9
2023-11-12 22:39:34,461 [INFO] in scala-execution-context-global-30 - [[34mINFO [0;39m] c.j.m.s.Util$ - workaround for image, lossless: true filetype: png img: javafx.scene.image.Image@4bb07762
2023-11-12 22:39:34,490 [INFO] in scala-execution-context-global-30 - [[34mINFO [0;39m] c.j.m.s.Util$ - workaround for image, lossless: true filetype: png img: javafx.scene.image.Image@1a8a28f9
2023-11-12 22:39:34,508 [INFO] in scala-execution-context-global-30 - [[34mINFO [0;39m] c.j.m.s.Util$ - workaround for image, lossless: true filetype: png img: javafx.scene.image.Image@3c040186
2023-11-12 22:39:34,533 [INFO] in scala-execution-context-global-30 - [[34mINFO [0;39m] c.j.m.s.Util$ - workaround for image, lossless: true filetype: png img: javafx.scene.image.Image@23933525
2023-11-12 22:39:34,560 [INFO] in scala-execution-context-global-30 - [[34mINFO [0;39m] c.j.m.s.Util$ - workaround for image, lossless: true filetype: png img: javafx.scene.image.Image@1f757ff8
2023-11-12 22:39:34,585 [INFO] in scala-execution-context-global-30 - [[34mINFO [0;39m] c.j.m.s.Util$ - workaround for image, lossless: true filetype: png img: javafx.scene.image.Image@463c0fed
2023-11-12 22:39:34,615 [INFO] in scala-execution-context-global-30 - [[34mINFO [0;39m] c.j.m.s.Util$ - workaround for image, lossless: true filetype: png img: javafx.scene.image.Image@63cbef5e
2023-11-12 22:39:34,642 [INFO] in scala-execution-context-global-30 - [[34mINFO [0;39m] c.j.m.s.Util$ - workaround for image, lossless: true filetype: png img: javafx.scene.image.Image@30a83c5
2023-11-12 22:39:34,673 [INFO] in scala-execution-context-global-30 - [[34mINFO [0;39m] c.j.m.s.Util$ - workaround for image, lossless: true filetype: png img: javafx.scene.image.Image@21c80311
2023-11-12 22:39:34,709 [INFO] in scala-execution-context-global-30 - [[34mINFO [0;39m] c.j.m.s.Util$ - workaround for image, lossless: true filetype: png img: javafx.scene.image.Image@7e943af4
2023-11-12 22:39:34,738 [INFO] in scala-execution-context-global-30 - [[34mINFO [0;39m] c.j.m.s.Util$ - workaround for image, lossless: true filetype: png img: javafx.scene.image.Image@47019796
2023-11-12 22:39:34,758 [INFO] in scala-execution-context-global-30 - [[34mINFO [0;39m] c.j.m.s.Util$ - workaround for image, lossless: true filetype: png img: javafx.scene.image.Image@bc4a349
2023-11-12 22:39:34,780 [INFO] in scala-execution-context-global-30 - [[34mINFO [0;39m] c.j.m.s.Util$ - workaround for image, lossless: true filetype: png img: javafx.scene.image.Image@684db1c8
2023-11-12 22:39:34,809 [INFO] in scala-execution-context-global-30 - [[34mINFO [0;39m] c.j.m.s.Util$ - workaround for image, lossless: true filetype: png img: javafx.scene.image.Image@6a718b2f
2023-11-12 22:39:34,827 [INFO] in scala-execution-context-global-30 - [[34mINFO [0;39m] c.j.m.s.Util$ - workaround for image, lossless: true filetype: png img: javafx.scene.image.Image@374a484
2023-11-12 22:39:34,843 [INFO] in scala-execution-context-global-30 - [[34mINFO [0;39m] c.j.m.s.Util$ - workaround for image, lossless: true filetype: png img: javafx.scene.image.Image@7c3f0636
2023-11-12 22:39:34,869 [INFO] in scala-execution-context-global-30 - [[34mINFO [0;39m] c.j.m.s.Util$ - workaround for image, lossless: true filetype: png img: javafx.scene.image.Image@259f6db2
2023-11-12 22:39:34,899 [INFO] in scala-execution-context-global-30 - [[34mINFO [0;39m] c.j.m.s.Util$ - workaround for image, lossless: true filetype: png img: javafx.scene.image.Image@4c7b65e2
2023-11-12 22:39:34,938 [INFO] in scala-execution-context-global-30 - [[34mINFO [0;39m] c.j.m.s.Util$ - workaround for image, lossless: true filetype: png img: javafx.scene.image.Image@740bf90a
2023-11-12 22:39:34,972 [INFO] in scala-execution-context-global-30 - [[34mINFO [0;39m] c.j.m.s.Util$ - workaround for image, lossless: true filetype: png img: javafx.scene.image.Image@20b1e8e
2023-11-12 22:40:38,450 [INFO] in scala-execution-context-global-33 - [[34mINFO [0;39m] c.jpro.activity - Starting the server
2023-11-12 22:40:38,451 [INFO] in scala-execution-context-global-33 - [[34mINFO [0;39m] c.j.i.s.JProInitializer$ -  *** Starting JPro: https://www.jpro.one/ ***
2023-11-12 22:40:38,451 [INFO] in scala-execution-context-global-34 - [[34mINFO [0;39m] c.j.i.s.JProInitializer$ - OS: Windows 11
2023-11-12 22:40:38,465 [INFO] in scala-execution-context-global-35 - [[34mINFO [0;39m] c.j.i.s.JProInitializer$ - JPro: 9999.9.9
2023-11-12 22:40:38,466 [INFO] in scala-execution-context-global-34 - [[34mINFO [0;39m] c.j.i.s.JProInitializer$ - Java version: 17.0.5
2023-11-12 22:40:38,466 [INFO] in scala-execution-context-global-34 - [[34mINFO [0;39m] c.j.i.s.JProInitializer$ - JVM: 17.0.5 Oracle Corporation
2023-11-12 22:40:38,467 [INFO] in scala-execution-context-global-34 - [[34mINFO [0;39m] c.j.i.s.JProInitializer$ - JavaFX jar: file:/C:/Users/Admin/.m2/repository/org/openjfx/javafx-graphics/21.0.2.3-jpro+0/javafx-graphics-21.0.2.3-jpro+0-win.jar
2023-11-12 22:40:38,469 [INFO] in scala-execution-context-global-34 - [[34mINFO [0;39m] c.j.i.s.JProInitializer$ - Configuring logging from url: 'jar:file:/C:/Users/Admin/.m2/repository/com/sandec/jpro/jpro-server_2.12/9999.9.9/jpro-server_2.12-9999.9.9.jar!/logback-jpro-default.xml'
2023-11-12 22:40:38,757 [INFO] in scala-execution-context-global-34 - [[34mINFO [0;39m] c.j.i.s.JProInitializer$ - JavaFX version: 21.0.2.3-jpro+0-2023-09-27T13-12-33Z
2023-11-12 22:40:38,806 [INFO] in scala-execution-context-global-35 - G1 Young Generation
2023-11-12 22:40:38,806 [INFO] in scala-execution-context-global-35 - G1 Old Generation
2023-11-12 22:40:38,833 [INFO] in scala-execution-context-global-35 - [[34mINFO [0;39m] c.j.i.s.JProInitializer$ - finished init!
2023-11-12 22:40:38,840 [INFO] in scala-execution-context-global-30 - [[34mINFO [0;39m] c.j.i.s.JProInitializer$ - [JPro] -> Server started: {start_time: 1699803638446, os_name: Windows 11, jpro_version: 9999.9.9}
2023-11-12 22:40:39,132 [INFO] in scala-execution-context-global-34 - [[34mINFO [0;39m] a.e.s.Slf4jLogger - Slf4jLogger started
2023-11-12 22:40:39,526 [INFO] in scala-execution-context-global-34 - [[34mINFO [0;39m] play.api.Play - Application started (Prod) (no global state)
2023-11-12 22:40:39,849 [INFO] in scala-execution-context-global-34 - [[34mINFO [0;39m] p.c.s.AkkaHttpServer - Enabling HTTP/2 on Akka HTTP server...
2023-11-12 22:40:39,850 [INFO] in scala-execution-context-global-34 - [[34mINFO [0;39m] p.c.s.AkkaHttpServer - Listening for HTTP on /[0:0:0:0:0:0:0:0]:8080
2023-11-12 22:40:54,990 [INFO] in scala-execution-context-global-30 - [[34mINFO [0;39m] c.jpro - application requested: default
2023-11-12 22:40:54,993 [INFO] in scala-execution-context-global-30 - [[34mINFO [0;39m] c.jpro - Creating Application: default
2023-11-12 22:40:54,995 [INFO] in scala-execution-context-global-30 - [[34mINFO [0;39m] c.jpro - remoteAddress 127.0.0.1
2023-11-12 22:40:54,996 [INFO] in scala-execution-context-global-30 - [[34mINFO [0;39m] c.jpro - host          localhost:8080
2023-11-12 22:40:54,996 [INFO] in scala-execution-context-global-30 - [[34mINFO [0;39m] c.jpro - uri           /app/ws/default
2023-11-12 22:40:55,146 [INFO] in scala-execution-context-global-30 - [[34mINFO [0;39m] c.j.i.s.ViewInfo$ - [JPro] -> View created: {app_name: default, host_name: localhost:8080, instance_id: 1735430837, browser: Unknown, browser_url: http://localhost:8080/, client_ip: 127.0.0.1}
2023-11-12 22:40:55,366 [INFO] in scala-execution-context-global-30 - do it!
2023-11-12 22:40:55,575 [INFO] in scala-execution-context-global-30 - media is null
2023-11-12 22:40:55,715 [INFO] in scala-execution-context-global-30 - Found!
2023-11-12 22:40:55,903 [INFO] in scala-execution-context-global-30 - Title:Investor Infrastructure Representative
2023-11-12 22:40:55,903 [INFO] in scala-execution-context-global-30 - Title:Dynamic Implementation Liaison
2023-11-12 22:40:55,903 [INFO] in scala-execution-context-global-30 - Title:Internal Metrics Planner
2023-11-12 22:40:55,903 [INFO] in scala-execution-context-global-30 - Title:Senior Interactions Developer
2023-11-12 22:40:55,903 [INFO] in scala-execution-context-global-30 - Title:Direct Interactions Administrator
2023-11-12 22:40:55,959 [INFO] in scala-execution-context-global-34 - Do it!
2023-11-12 22:40:57,701 [INFO] in scala-execution-context-global-34 - [[34mINFO [0;39m] c.j.i.c.InstanceImpl - [JPro] -> Instance created: {app_name: default, host_name: localhost:8080, instance_id: 1735430837, browser: Unknown, browser_url: http://localhost:8080/, client_ip: 127.0.0.1}
2023-11-12 22:40:58,116 [INFO] in scala-execution-context-global-30 - [[34mINFO [0;39m] c.j.m.s.Util$ - workaround for image, lossless: true filetype: png img: javafx.scene.image.Image@7f6788d8
2023-11-12 22:40:58,206 [INFO] in scala-execution-context-global-30 - [[34mINFO [0;39m] c.j.m.s.Util$ - workaround for image, lossless: true filetype: png img: javafx.scene.image.Image@4948dd0c
2023-11-12 22:40:58,242 [INFO] in scala-execution-context-global-30 - [[34mINFO [0;39m] c.j.m.s.Util$ - workaround for image, lossless: true filetype: png img: javafx.scene.image.Image@56967703
2023-11-12 22:40:58,290 [INFO] in scala-execution-context-global-30 - [[34mINFO [0;39m] c.j.m.s.Util$ - workaround for image, lossless: true filetype: png img: javafx.scene.image.Image@7d974f28
2023-11-12 22:40:58,334 [INFO] in scala-execution-context-global-30 - [[34mINFO [0;39m] c.j.m.s.Util$ - workaround for image, lossless: true filetype: png img: javafx.scene.image.Image@1aac8d38
2023-11-12 22:40:58,380 [INFO] in scala-execution-context-global-30 - [[34mINFO [0;39m] c.j.m.s.Util$ - workaround for image, lossless: true filetype: png img: javafx.scene.image.Image@54e7de94
2023-11-12 22:40:58,404 [INFO] in scala-execution-context-global-30 - [[34mINFO [0;39m] c.j.m.s.Util$ - workaround for image, lossless: true filetype: png img: javafx.scene.image.Image@69939967
2023-11-12 22:40:58,431 [INFO] in scala-execution-context-global-30 - [[34mINFO [0;39m] c.j.m.s.Util$ - workaround for image, lossless: true filetype: png img: javafx.scene.image.Image@768a6a34
2023-11-12 22:40:58,468 [INFO] in scala-execution-context-global-30 - [[34mINFO [0;39m] c.j.m.s.Util$ - workaround for image, lossless: true filetype: png img: javafx.scene.image.Image@6eb3720d
2023-11-12 22:40:58,508 [INFO] in scala-execution-context-global-30 - [[34mINFO [0;39m] c.j.m.s.Util$ - workaround for image, lossless: true filetype: png img: javafx.scene.image.Image@50a9049a
2023-11-12 22:40:58,542 [INFO] in scala-execution-context-global-30 - [[34mINFO [0;39m] c.j.m.s.Util$ - workaround for image, lossless: true filetype: png img: javafx.scene.image.Image@5af4ed5b
2023-11-12 22:40:58,565 [INFO] in scala-execution-context-global-30 - [[34mINFO [0;39m] c.j.m.s.Util$ - workaround for image, lossless: true filetype: png img: javafx.scene.image.Image@593b977a
2023-11-12 22:40:58,589 [INFO] in scala-execution-context-global-30 - [[34mINFO [0;39m] c.j.m.s.Util$ - workaround for image, lossless: true filetype: png img: javafx.scene.image.Image@46a7868f
2023-11-12 22:40:58,610 [INFO] in scala-execution-context-global-30 - [[34mINFO [0;39m] c.j.m.s.Util$ - workaround for image, lossless: true filetype: png img: javafx.scene.image.Image@76cb6752
2023-11-12 22:40:58,640 [INFO] in scala-execution-context-global-30 - [[34mINFO [0;39m] c.j.m.s.Util$ - workaround for image, lossless: true filetype: png img: javafx.scene.image.Image@3acc6ad1
2023-11-12 22:40:58,671 [INFO] in scala-execution-context-global-30 - [[34mINFO [0;39m] c.j.m.s.Util$ - workaround for image, lossless: true filetype: png img: javafx.scene.image.Image@68dec69e
2023-11-12 22:40:58,699 [INFO] in scala-execution-context-global-30 - [[34mINFO [0;39m] c.j.m.s.Util$ - workaround for image, lossless: true filetype: png img: javafx.scene.image.Image@25c38980
2023-11-12 22:40:58,723 [INFO] in scala-execution-context-global-30 - [[34mINFO [0;39m] c.j.m.s.Util$ - workaround for image, lossless: true filetype: png img: javafx.scene.image.Image@49695d4c
2023-11-12 22:40:58,752 [INFO] in scala-execution-context-global-30 - [[34mINFO [0;39m] c.j.m.s.Util$ - workaround for image, lossless: true filetype: png img: javafx.scene.image.Image@73b6b461
2023-11-12 22:40:58,777 [INFO] in scala-execution-context-global-30 - [[34mINFO [0;39m] c.j.m.s.Util$ - workaround for image, lossless: true filetype: png img: javafx.scene.image.Image@5cbb7e51
2023-11-12 22:40:58,798 [INFO] in scala-execution-context-global-30 - [[34mINFO [0;39m] c.j.m.s.Util$ - workaround for image, lossless: true filetype: png img: javafx.scene.image.Image@299e4060
2023-11-12 22:40:58,832 [INFO] in scala-execution-context-global-30 - [[34mINFO [0;39m] c.j.m.s.Util$ - workaround for image, lossless: true filetype: png img: javafx.scene.image.Image@7811008a
2023-11-12 22:40:58,862 [INFO] in scala-execution-context-global-30 - [[34mINFO [0;39m] c.j.m.s.Util$ - workaround for image, lossless: true filetype: png img: javafx.scene.image.Image@4e389c4b
2023-11-12 22:40:58,886 [INFO] in scala-execution-context-global-30 - [[34mINFO [0;39m] c.j.m.s.Util$ - workaround for image, lossless: true filetype: png img: javafx.scene.image.Image@839316a
2023-11-12 22:40:58,906 [INFO] in scala-execution-context-global-30 - [[34mINFO [0;39m] c.j.m.s.Util$ - workaround for image, lossless: true filetype: png img: javafx.scene.image.Image@2707aab6
2023-11-12 22:40:58,938 [INFO] in scala-execution-context-global-30 - [[34mINFO [0;39m] c.j.m.s.Util$ - workaround for image, lossless: true filetype: png img: javafx.scene.image.Image@57d713e6
2023-11-12 22:40:58,957 [INFO] in scala-execution-context-global-30 - [[34mINFO [0;39m] c.j.m.s.Util$ - workaround for image, lossless: true filetype: png img: javafx.scene.image.Image@4fa6e319
2023-11-12 22:40:58,974 [INFO] in scala-execution-context-global-30 - [[34mINFO [0;39m] c.j.m.s.Util$ - workaround for image, lossless: true filetype: png img: javafx.scene.image.Image@5db691c8
2023-11-12 22:40:58,997 [INFO] in scala-execution-context-global-30 - [[34mINFO [0;39m] c.j.m.s.Util$ - workaround for image, lossless: true filetype: png img: javafx.scene.image.Image@2dbeb2b0
2023-11-12 22:40:59,014 [INFO] in scala-execution-context-global-30 - [[34mINFO [0;39m] c.j.m.s.Util$ - workaround for image, lossless: true filetype: png img: javafx.scene.image.Image@c048477
2023-11-12 22:40:59,033 [INFO] in scala-execution-context-global-30 - [[34mINFO [0;39m] c.j.m.s.Util$ - workaround for image, lossless: true filetype: png img: javafx.scene.image.Image@70961984
2023-11-12 22:40:59,057 [INFO] in scala-execution-context-global-30 - [[34mINFO [0;39m] c.j.m.s.Util$ - workaround for image, lossless: true filetype: png img: javafx.scene.image.Image@a0b2d10
2023-11-12 22:40:59,085 [INFO] in scala-execution-context-global-30 - [[34mINFO [0;39m] c.j.m.s.Util$ - workaround for image, lossless: true filetype: png img: javafx.scene.image.Image@31530b34
2023-11-12 22:40:59,099 [INFO] in scala-execution-context-global-30 - [[34mINFO [0;39m] c.j.m.s.Util$ - workaround for image, lossless: true filetype: png img: javafx.scene.image.Image@2ed318e7
2023-11-12 22:40:59,122 [INFO] in scala-execution-context-global-30 - [[34mINFO [0;39m] c.j.m.s.Util$ - workaround for image, lossless: true filetype: png img: javafx.scene.image.Image@3a072366
2023-11-12 22:40:59,155 [INFO] in scala-execution-context-global-30 - [[34mINFO [0;39m] c.j.m.s.Util$ - workaround for image, lossless: true filetype: png img: javafx.scene.image.Image@7164f5c9
2023-11-12 22:40:59,182 [INFO] in scala-execution-context-global-30 - [[34mINFO [0;39m] c.j.m.s.Util$ - workaround for image, lossless: true filetype: png img: javafx.scene.image.Image@5e02d371
2023-11-12 22:40:59,212 [INFO] in scala-execution-context-global-30 - [[34mINFO [0;39m] c.j.m.s.Util$ - workaround for image, lossless: true filetype: png img: javafx.scene.image.Image@7f959d64
2023-11-12 22:40:59,243 [INFO] in scala-execution-context-global-30 - [[34mINFO [0;39m] c.j.m.s.Util$ - workaround for image, lossless: true filetype: png img: javafx.scene.image.Image@75b9a526
2023-11-12 22:40:59,262 [INFO] in scala-execution-context-global-30 - [[34mINFO [0;39m] c.j.m.s.Util$ - workaround for image, lossless: true filetype: png img: javafx.scene.image.Image@5214e5f3
2023-11-12 22:40:59,284 [INFO] in scala-execution-context-global-30 - [[34mINFO [0;39m] c.j.m.s.Util$ - workaround for image, lossless: true filetype: png img: javafx.scene.image.Image@4dbba7e4
2023-11-12 22:40:59,298 [INFO] in scala-execution-context-global-30 - [[34mINFO [0;39m] c.j.m.s.Util$ - workaround for image, lossless: true filetype: png img: javafx.scene.image.Image@9fc4f76
2023-11-12 22:40:59,329 [INFO] in scala-execution-context-global-30 - [[34mINFO [0;39m] c.j.m.s.Util$ - workaround for image, lossless: true filetype: png img: javafx.scene.image.Image@5ca4bb9
2023-11-12 22:40:59,353 [INFO] in scala-execution-context-global-30 - [[34mINFO [0;39m] c.j.m.s.Util$ - workaround for image, lossless: true filetype: png img: javafx.scene.image.Image@2c511689
2023-11-12 22:40:59,372 [INFO] in scala-execution-context-global-30 - [[34mINFO [0;39m] c.j.m.s.Util$ - workaround for image, lossless: true filetype: png img: javafx.scene.image.Image@3a73f1be
2023-11-12 22:40:59,400 [INFO] in scala-execution-context-global-30 - [[34mINFO [0;39m] c.j.m.s.Util$ - workaround for image, lossless: true filetype: png img: javafx.scene.image.Image@25cd9521
2023-11-12 22:40:59,426 [INFO] in scala-execution-context-global-30 - [[34mINFO [0;39m] c.j.m.s.Util$ - workaround for image, lossless: true filetype: png img: javafx.scene.image.Image@3e4ebb8e
2023-11-12 22:40:59,449 [INFO] in scala-execution-context-global-30 - [[34mINFO [0;39m] c.j.m.s.Util$ - workaround for image, lossless: true filetype: png img: javafx.scene.image.Image@356462a1
2023-11-12 22:40:59,469 [INFO] in scala-execution-context-global-30 - [[34mINFO [0;39m] c.j.m.s.Util$ - workaround for image, lossless: true filetype: png img: javafx.scene.image.Image@23289143
2023-11-12 22:40:59,485 [INFO] in scala-execution-context-global-30 - [[34mINFO [0;39m] c.j.m.s.Util$ - workaround for image, lossless: true filetype: png img: javafx.scene.image.Image@3e3d4074
2023-11-12 22:40:59,501 [INFO] in scala-execution-context-global-30 - [[34mINFO [0;39m] c.j.m.s.Util$ - workaround for image, lossless: true filetype: png img: javafx.scene.image.Image@58bfc5f0
2023-11-12 22:40:59,518 [INFO] in scala-execution-context-global-30 - [[34mINFO [0;39m] c.j.m.s.Util$ - workaround for image, lossless: true filetype: png img: javafx.scene.image.Image@56dd8580
2023-11-12 22:40:59,546 [INFO] in scala-execution-context-global-30 - [[34mINFO [0;39m] c.j.m.s.Util$ - workaround for image, lossless: true filetype: png img: javafx.scene.image.Image@5e40f83f
2023-11-12 22:40:59,571 [INFO] in scala-execution-context-global-30 - [[34mINFO [0;39m] c.j.m.s.Util$ - workaround for image, lossless: true filetype: png img: javafx.scene.image.Image@2dfd5746
2023-11-12 22:40:59,601 [INFO] in scala-execution-context-global-30 - [[34mINFO [0;39m] c.j.m.s.Util$ - workaround for image, lossless: true filetype: png img: javafx.scene.image.Image@1eff9a75
2023-11-12 22:40:59,624 [INFO] in scala-execution-context-global-30 - [[34mINFO [0;39m] c.j.m.s.Util$ - workaround for image, lossless: true filetype: png img: javafx.scene.image.Image@6c65b884
2023-11-12 22:40:59,642 [INFO] in scala-execution-context-global-30 - [[34mINFO [0;39m] c.j.m.s.Util$ - workaround for image, lossless: true filetype: png img: javafx.scene.image.Image@438ad7eb
2023-11-12 22:40:59,673 [INFO] in scala-execution-context-global-30 - [[34mINFO [0;39m] c.j.m.s.Util$ - workaround for image, lossless: true filetype: png img: javafx.scene.image.Image@1fe9b735
2023-11-12 22:40:59,696 [INFO] in scala-execution-context-global-30 - [[34mINFO [0;39m] c.j.m.s.Util$ - workaround for image, lossless: true filetype: png img: javafx.scene.image.Image@62879223
2023-11-12 22:40:59,713 [INFO] in scala-execution-context-global-30 - [[34mINFO [0;39m] c.j.m.s.Util$ - workaround for image, lossless: true filetype: png img: javafx.scene.image.Image@520c10ec
2023-11-12 22:40:59,735 [INFO] in scala-execution-context-global-30 - [[34mINFO [0;39m] c.j.m.s.Util$ - workaround for image, lossless: true filetype: png img: javafx.scene.image.Image@41da5d87
2023-11-12 22:40:59,754 [INFO] in scala-execution-context-global-30 - [[34mINFO [0;39m] c.j.m.s.Util$ - workaround for image, lossless: true filetype: png img: javafx.scene.image.Image@59d4a563
2023-11-12 22:40:59,777 [INFO] in scala-execution-context-global-30 - [[34mINFO [0;39m] c.j.m.s.Util$ - workaround for image, lossless: true filetype: png img: javafx.scene.image.Image@57e9e2e
2023-11-12 22:40:59,806 [INFO] in scala-execution-context-global-30 - [[34mINFO [0;39m] c.j.m.s.Util$ - workaround for image, lossless: true filetype: png img: javafx.scene.image.Image@716dde31
2023-11-12 22:40:59,838 [INFO] in scala-execution-context-global-30 - [[34mINFO [0;39m] c.j.m.s.Util$ - workaround for image, lossless: true filetype: png img: javafx.scene.image.Image@3e6fc528
2023-11-12 22:40:59,863 [INFO] in scala-execution-context-global-30 - [[34mINFO [0;39m] c.j.m.s.Util$ - workaround for image, lossless: true filetype: png img: javafx.scene.image.Image@7243bb68
